<?xml version="1.0" encoding="UTF-8"?>
<!-- Generated by org.testng.reporters.JUnitReportReporter -->
<testsuite skipped="0" hostname="DESKTOP-80GUJ78" name="Api_Testing.Rest_Project.Rest_Project2" tests="4" failures="0" timestamp="21 Mar 2022 10:49:45 GMT" time="3.872" errors="0">
  <testcase name="deletemethod" time="0.035" classname="Api_Testing.Rest_Project.Rest_Project2"/>
  <testcase name="getmethod" time="0.030" classname="Api_Testing.Rest_Project.Rest_Project2"/>
  <testcase name="putmethod" time="0.063" classname="Api_Testing.Rest_Project.Rest_Project2"/>
  <testcase name="postmethod" time="3.744" classname="Api_Testing.Rest_Project.Rest_Project2"/>
</testsuite> <!-- Api_Testing.Rest_Project.Rest_Project2 -->
