<?xml version="1.0" encoding="UTF-8"?>
<!-- Generated by org.testng.reporters.JUnitReportReporter -->
<testsuite skipped="0" hostname="DESKTOP-80GUJ78" name="Api_Testing.Rest_Project.Rest_Project1" tests="5" failures="0" timestamp="21 Mar 2022 10:48:44 GMT" time="10.896" errors="0">
  <testcase name="login" time="1.327" classname="Api_Testing.Rest_Project.Rest_Project1"/>
  <testcase name="postmethod" time="5.432" classname="Api_Testing.Rest_Project.Rest_Project1"/>
  <testcase name="putmethod" time="1.410" classname="Api_Testing.Rest_Project.Rest_Project1"/>
  <testcase name="deletemethod" time="1.337" classname="Api_Testing.Rest_Project.Rest_Project1"/>
  <testcase name="logout" time="1.390" classname="Api_Testing.Rest_Project.Rest_Project1"/>
</testsuite> <!-- Api_Testing.Rest_Project.Rest_Project1 -->
